android_studio/ex4_mobile+wear4/wear/build/outputs/logs/manifest-merger-debug-report.txt
-- Merging decision tree log ---
manifest
ADDED from src/main/AndroidManifest.xml:2:1-19:12
	package
		ADDED from src/main/AndroidManifest.xml:2:120-164
		INJECTED from src/main/AndroidManifest.xml
		INJECTED from src/main/AndroidManifest.xml
	android:versionName
		ADDED from src/main/AndroidManifest.xml:2:94-119
		INJECTED from src/main/AndroidManifest.xml
		INJECTED from src/main/AndroidManifest.xml
	android:versionCode
		ADDED from src/main/AndroidManifest.xml:2:70-93
		INJECTED from src/main/AndroidManifest.xml
		INJECTED from src/main/AndroidManifest.xml
	xmlns:android
		ADDED from src/main/AndroidManifest.xml:2:11-69
uses-sdk
ADDED from src/main/AndroidManifest.xml:3:5-73
MERGED from [com.google.android.gms:play-services-fitness:10.2.0] AndroidManifest.xml:17:5-43
MERGED from [com.google.android.gms:play-services-location:10.2.0] AndroidManifest.xml:3:5-43
MERGED from [com.google.android.gms:play-services-wearable:10.2.0] AndroidManifest.xml:17:5-43
MERGED from [com.google.android.gms:play-services-base:10.2.0] AndroidManifest.xml:17:5-43
MERGED from [com.google.android.gms:play-services-tasks:10.2.0] AndroidManifest.xml:3:5-43
MERGED from [com.google.android.gms:play-services-basement:10.2.0] AndroidManifest.xml:17:5-43
MERGED from [com.google.android.support:wearable:2.0.0] AndroidManifest.xml:4:5-72
MERGED from [com.android.support:percent:23.0.1] AndroidManifest.xml:20:5-43
MERGED from [com.android.support:recyclerview-v7:23.0.1] AndroidManifest.xml:20:5-43
MERGED from [com.android.support:support-v4:24.0.0] AndroidManifest.xml:21:5-23:54
	tools:overrideLibrary
		ADDED from [com.android.support:support-v4:24.0.0] AndroidManifest.xml:23:9-51
	android:targetSdkVersion
		ADDED from src/main/AndroidManifest.xml:3:42-71
		INJECTED from src/main/AndroidManifest.xml
		INJECTED from src/main/AndroidManifest.xml
	android:minSdkVersion
		ADDED from src/main/AndroidManifest.xml:3:15-41
		INJECTED from src/main/AndroidManifest.xml
		INJECTED from src/main/AndroidManifest.xml
uses-feature#android.hardware.type.watch
ADDED from src/main/AndroidManifest.xml:4:5-63
	android:name
		ADDED from src/main/AndroidManifest.xml:4:19-61
uses-permission#android.permission.WAKE_LOCK
ADDED from src/main/AndroidManifest.xml:5:5-67
	android:name
		ADDED from src/main/AndroidManifest.xml:5:22-65
application
ADDED from src/main/AndroidManifest.xml:6:5-18:19
MERGED from [com.google.android.gms:play-services-fitness:10.2.0] AndroidManifest.xml:18:5-19
MERGED from [com.google.android.gms:play-services-location:10.2.0] AndroidManifest.xml:4:5-19
MERGED from [com.google.android.gms:play-services-wearable:10.2.0] AndroidManifest.xml:18:5-19
MERGED from [com.google.android.gms:play-services-base:10.2.0] AndroidManifest.xml:18:5-20:19
MERGED from [com.google.android.gms:play-services-tasks:10.2.0] AndroidManifest.xml:4:5-19
MERGED from [com.google.android.gms:play-services-basement:10.2.0] AndroidManifest.xml:19:5-21:19
MERGED from [com.google.android.support:wearable:2.0.0] AndroidManifest.xml:6:5-19
MERGED from [com.android.support:percent:23.0.1] AndroidManifest.xml:22:5-20
MERGED from [com.android.support:support-v4:24.0.0] AndroidManifest.xml:25:5-20
	android:label
		ADDED from src/main/AndroidManifest.xml:6:74-108
	android:supportsRtl
		ADDED from src/main/AndroidManifest.xml:6:109-135
	android:debuggable
		ADDED from src/main/AndroidManifest.xml:6:18-43
	android:icon
		ADDED from src/main/AndroidManifest.xml:6:44-73
service#processing.test.androidwatchexport.MainService
ADDED from src/main/AndroidManifest.xml:7:9-16:19
	android:label
		ADDED from src/main/AndroidManifest.xml:7:18-52
	android:permission
		ADDED from src/main/AndroidManifest.xml:7:81-135
	android:name
		ADDED from src/main/AndroidManifest.xml:7:53-80
meta-data#android.service.wallpaper
ADDED from src/main/AndroidManifest.xml:8:13-101
	android:resource
		ADDED from src/main/AndroidManifest.xml:8:65-99
	android:name
		ADDED from src/main/AndroidManifest.xml:8:24-64
meta-data#com.google.android.wearable.watchface.preview
ADDED from src/main/AndroidManifest.xml:9:13-135
	android:resource
		ADDED from src/main/AndroidManifest.xml:9:85-133
	android:name
		ADDED from src/main/AndroidManifest.xml:9:24-84
meta-data#com.google.android.wearable.watchface.preview_circular
ADDED from src/main/AndroidManifest.xml:10:13-141
	android:resource
		ADDED from src/main/AndroidManifest.xml:10:94-139
	android:name
		ADDED from src/main/AndroidManifest.xml:10:24-93
meta-data#com.google.android.wearable.watchface.companionConfigurationAction
ADDED from src/main/AndroidManifest.xml:11:13-174
	android:value
		ADDED from src/main/AndroidManifest.xml:11:106-172
	android:name
		ADDED from src/main/AndroidManifest.xml:11:24-105
intent-filter#android.service.wallpaper.WallpaperService+com.google.android.wearable.watchface.category.WATCH_FACE
ADDED from src/main/AndroidManifest.xml:12:13-15:29
action#android.service.wallpaper.WallpaperService
ADDED from src/main/AndroidManifest.xml:13:17-84
	android:name
		ADDED from src/main/AndroidManifest.xml:13:25-82
category#com.google.android.wearable.watchface.category.WATCH_FACE
ADDED from src/main/AndroidManifest.xml:14:17-101
	android:name
		ADDED from src/main/AndroidManifest.xml:14:27-99
activity#processing.test.androidwatchexport.MainService$PermissionRequestActivity
ADDED from src/main/AndroidManifest.xml:17:9-74
	android:name
		ADDED from src/main/AndroidManifest.xml:17:19-72
activity#com.google.android.gms.common.api.GoogleApiActivity
ADDED from [com.google.android.gms:play-services-base:10.2.0] AndroidManifest.xml:19:9-172
	android:exported
		ADDED from [com.google.android.gms:play-services-base:10.2.0] AndroidManifest.xml:19:146-170
	android:theme
		ADDED from [com.google.android.gms:play-services-base:10.2.0] AndroidManifest.xml:19:86-145
	android:name
		ADDED from [com.google.android.gms:play-services-base:10.2.0] AndroidManifest.xml:19:19-85
meta-data#com.google.android.gms.version
ADDED from [com.google.android.gms:play-services-basement:10.2.0] AndroidManifest.xml:20:9-121
	android:value
		ADDED from [com.google.android.gms:play-services-basement:10.2.0] AndroidManifest.xml:20:66-119
	android:name
		ADDED from [com.google.android.gms:play-services-basement:10.2.0] AndroidManifest.xml:20:20-65